0 info it worked if it ends with ok
1 verbose cli [ '/usr/local/Cellar/node/6.5.0/bin/node',
1 verbose cli   '/usr/local/bin/npm',
1 verbose cli   'run',
1 verbose cli   'database' ]
2 info using npm@4.1.1
3 info using node@v6.5.0
4 verbose run-script [ 'predatabase', 'database', 'postdatabase' ]
5 info lifecycle actual-news@1.0.0~predatabase: actual-news@1.0.0
6 silly lifecycle actual-news@1.0.0~predatabase: no script for predatabase, continuing
7 info lifecycle actual-news@1.0.0~database: actual-news@1.0.0
8 verbose lifecycle actual-news@1.0.0~database: unsafe-perm in lifecycle true
9 verbose lifecycle actual-news@1.0.0~database: PATH: /usr/local/lib/node_modules/npm/bin/node-gyp-bin:/Users/kieran/jose/node_modules/.bin:/usr/local/bin:/usr/bin:/bin:/usr/sbin:/sbin
10 verbose lifecycle actual-news@1.0.0~database: CWD: /Users/kieran/jose
11 silly lifecycle actual-news@1.0.0~database: Args: [ '-c', 'sudo mongod --dbpath=./data --port 27017' ]
12 silly lifecycle actual-news@1.0.0~database: Returned: code: 14  signal: null
13 info lifecycle actual-news@1.0.0~database: Failed to exec database script
14 verbose stack Error: actual-news@1.0.0 database: `sudo mongod --dbpath=./data --port 27017`
14 verbose stack Exit status 14
14 verbose stack     at EventEmitter.<anonymous> (/usr/local/lib/node_modules/npm/lib/utils/lifecycle.js:279:16)
14 verbose stack     at emitTwo (events.js:106:13)
14 verbose stack     at EventEmitter.emit (events.js:191:7)
14 verbose stack     at ChildProcess.<anonymous> (/usr/local/lib/node_modules/npm/lib/utils/spawn.js:40:14)
14 verbose stack     at emitTwo (events.js:106:13)
14 verbose stack     at ChildProcess.emit (events.js:191:7)
14 verbose stack     at maybeClose (internal/child_process.js:877:16)
14 verbose stack     at Process.ChildProcess._handle.onexit (internal/child_process.js:226:5)
15 verbose pkgid actual-news@1.0.0
16 verbose cwd /Users/kieran/jose
17 error Darwin 16.4.0
18 error argv "/usr/local/Cellar/node/6.5.0/bin/node" "/usr/local/bin/npm" "run" "database"
19 error node v6.5.0
20 error npm  v4.1.1
21 error code ELIFECYCLE
22 error actual-news@1.0.0 database: `sudo mongod --dbpath=./data --port 27017`
22 error Exit status 14
23 error Failed at the actual-news@1.0.0 database script 'sudo mongod --dbpath=./data --port 27017'.
23 error Make sure you have the latest version of node.js and npm installed.
23 error If you do, this is most likely a problem with the actual-news package,
23 error not with npm itself.
23 error Tell the author that this fails on your system:
23 error     sudo mongod --dbpath=./data --port 27017
23 error You can get information on how to open an issue for this project with:
23 error     npm bugs actual-news
23 error Or if that isn't available, you can get their info via:
23 error     npm owner ls actual-news
23 error There is likely additional logging output above.
24 verbose exit [ 1, true ]
